Using pre-set license
Built from '2020.3/staging' branch; Version is '2020.3.0f1 (c7b5465681fb) revision 13088070'; Using compiler version '192528614'; Build Type 'Release'
OS: 'Windows 10 Home; OS build 19042.1052; Version 2009; 64bit' Language: 'fr' Physical Memory: 16198 MB
BatchMode: 1, IsHumanControllingUs: 0, StartBugReporterOnCrash: 0, Is64bit: 1, IsPro: 0

 COMMAND LINE ARGUMENTS:
C:\Program Files\Unity\Hub\Editor\2020.3.0f1\Editor\Unity.exe
-adb2
-batchMode
-noUpm
-name
AssetImportWorker0
-projectPath
C:/Users/33783/Documents/Hell-of-Cthulhu/src/Boids
-logFile
Logs/AssetImportWorker0.log
-srvPort
52021
Successfully changed project path to: C:/Users/33783/Documents/Hell-of-Cthulhu/src/Boids
C:/Users/33783/Documents/Hell-of-Cthulhu/src/Boids
Using Asset Import Pipeline V2.
Refreshing native plugins compatible for Editor in 24.05 ms, found 0 plugins.
Preloading 0 native plugins for Editor in 0.00 ms.
Initialize engine version: 2020.3.0f1 (c7b5465681fb)
[Subsystems] Discovering subsystems at path C:/Program Files/Unity/Hub/Editor/2020.3.0f1/Editor/Data/Resources/UnitySubsystems
[Subsystems] Discovering subsystems at path C:/Users/33783/Documents/Hell-of-Cthulhu/src/Boids/Assets
GfxDevice: creating device client; threaded=0
Direct3D:
    Version:  Direct3D 11.0 [level 11.1]
    Renderer: NVIDIA GeForce RTX 2070 (ID=0x1f14)
    Vendor:   
    VRAM:     8031 MB
    Driver:   27.21.14.6677
Initialize mono
Mono path[0] = 'C:/Program Files/Unity/Hub/Editor/2020.3.0f1/Editor/Data/Managed'
Mono path[1] = 'C:/Program Files/Unity/Hub/Editor/2020.3.0f1/Editor/Data/MonoBleedingEdge/lib/mono/unityjit'
Mono config path = 'C:/Program Files/Unity/Hub/Editor/2020.3.0f1/Editor/Data/MonoBleedingEdge/etc'
Using monoOptions --debugger-agent=transport=dt_socket,embedding=1,server=y,suspend=n,address=127.0.0.1:56908
Begin MonoManager ReloadAssembly
Registering precompiled unity dll's ...
Register platform support module: C:/Program Files/Unity/Hub/Editor/2020.3.0f1/Editor/Data/PlaybackEngines/WindowsStandaloneSupport/UnityEditor.WindowsStandalone.Extensions.dll
Registered in 0.001715 seconds.
Native extension for WindowsStandalone target not found
Refreshing native plugins compatible for Editor in 23.25 ms, found 0 plugins.
Preloading 0 native plugins for Editor in 0.00 ms.
Invoked RoslynAnalysisRunner static constructor.
RoslynAnalysisRunner will not be running.
RoslynAnalysisRunner has terminated.
Mono: successfully reloaded assembly
- Completed reload, in  1.035 seconds
Platform modules already initialized, skipping
Registering precompiled user dll's ...
Registered in 0.000542 seconds.
Begin MonoManager ReloadAssembly
Native extension for WindowsStandalone target not found
Refreshing native plugins compatible for Editor in 0.18 ms, found 0 plugins.
Preloading 0 native plugins for Editor in 0.00 ms.
Invoked RoslynAnalysisRunner static constructor.
RoslynAnalysisRunner will not be running.
RoslynAnalysisRunner has terminated.
Mono: successfully reloaded assembly
- Completed reload, in  0.781 seconds
Platform modules already initialized, skipping
========================================================================
Worker process is ready to serve import requests
Launched and connected shader compiler UnityShaderCompiler.exe after 0.04 seconds
Refreshing native plugins compatible for Editor in 0.18 ms, found 0 plugins.
Preloading 0 native plugins for Editor in 0.00 ms.
Unloading 1114 Unused Serialized files (Serialized files now loaded: 0)
System memory in use before: 57.0 MB.
System memory in use after: 57.0 MB.

Unloading 10 unused Assets to reduce memory usage. Loaded Objects now: 1556.
Total: 1.552300 ms (FindLiveObjects: 0.124800 ms CreateObjectMapping: 0.028500 ms MarkObjects: 1.308600 ms  DeleteObjects: 0.089700 ms)

========================================================================
Received Import Request.
  path: Assets/Scripts/Boids.cs
  artifactKey: Guid(a86a901723900fe4cb38d310d3cef8e8) Importer(815301076,1909f56bfc062723c751e8b465ee728b)
Start importing Assets/Scripts/Boids.cs using Guid(a86a901723900fe4cb38d310d3cef8e8) Importer(815301076,1909f56bfc062723c751e8b465ee728b)  -> (artifact id: 'd0d03a8331db3836833bd915f22a72dc') in 0.024012 seconds
  Import took 0.025944 seconds .

========================================================================
Received Import Request.
  Time since last request: 61.533548 seconds.
  path: Assets/Scripts/NewBehaviourScript.cs
  artifactKey: Guid(d80e5285519a1a94a8a263c430107281) Importer(815301076,1909f56bfc062723c751e8b465ee728b)
Start importing Assets/Scripts/NewBehaviourScript.cs using Guid(d80e5285519a1a94a8a263c430107281) Importer(815301076,1909f56bfc062723c751e8b465ee728b)  -> (artifact id: '60af92c752fcdb63e0abbe49e6a3264e') in 0.007772 seconds
  Import took 0.010311 seconds .

========================================================================
Received Import Request.
  Time since last request: 81.531445 seconds.
  path: Assets/Scripts/BoidScript.cs
  artifactKey: Guid(360285886593f4d46b6e427122acc691) Importer(815301076,1909f56bfc062723c751e8b465ee728b)
Start importing Assets/Scripts/BoidScript.cs using Guid(360285886593f4d46b6e427122acc691) Importer(815301076,1909f56bfc062723c751e8b465ee728b)  -> (artifact id: 'ae7f1ed36df4e108d28157bf70140249') in 0.006912 seconds
  Import took 0.009410 seconds .

========================================================================
Received Import Request.
  Time since last request: 139.392493 seconds.
  path: Assets/Scripts/BoidScript.cs
  artifactKey: Guid(360285886593f4d46b6e427122acc691) Importer(815301076,1909f56bfc062723c751e8b465ee728b)
Start importing Assets/Scripts/BoidScript.cs using Guid(360285886593f4d46b6e427122acc691) Importer(815301076,1909f56bfc062723c751e8b465ee728b)  -> (artifact id: 'c7f8895aabb3c289a94c79360d1b0778') in 0.002993 seconds
  Import took 0.004937 seconds .

========================================================================
Received Import Request.
  Time since last request: 82.512037 seconds.
  path: Assets/Scripts/BoidScript.cs
  artifactKey: Guid(360285886593f4d46b6e427122acc691) Importer(815301076,1909f56bfc062723c751e8b465ee728b)
Start importing Assets/Scripts/BoidScript.cs using Guid(360285886593f4d46b6e427122acc691) Importer(815301076,1909f56bfc062723c751e8b465ee728b)  -> (artifact id: '52ce30e338f3639154b9838ff24e755f') in 0.002817 seconds
  Import took 0.004741 seconds .

========================================================================
Received Prepare
Registering precompiled user dll's ...
Registered in 0.000640 seconds.
Begin MonoManager ReloadAssembly
Native extension for WindowsStandalone target not found
Refreshing native plugins compatible for Editor in 0.18 ms, found 0 plugins.
Preloading 0 native plugins for Editor in 0.00 ms.
Invoked RoslynAnalysisRunner static constructor.
RoslynAnalysisRunner will not be running.
RoslynAnalysisRunner has terminated.
Mono: successfully reloaded assembly
- Completed reload, in  0.645 seconds
Platform modules already initialized, skipping
Refreshing native plugins compatible for Editor in 0.18 ms, found 0 plugins.
Preloading 0 native plugins for Editor in 0.00 ms.
Unloading 1110 Unused Serialized files (Serialized files now loaded: 0)
System memory in use before: 56.9 MB.
System memory in use after: 57.0 MB.

Unloading 5 unused Assets to reduce memory usage. Loaded Objects now: 1560.
Total: 1.299000 ms (FindLiveObjects: 0.131800 ms CreateObjectMapping: 0.036900 ms MarkObjects: 1.088400 ms  DeleteObjects: 0.041300 ms)

========================================================================
Received Import Request.
  Time since last request: 129.541222 seconds.
  path: Assets/Prefabs/oiseau.prefab
  artifactKey: Guid(7304d9a81ec0e0d469f08e398f2aed5d) Importer(815301076,1909f56bfc062723c751e8b465ee728b)
Start importing Assets/Prefabs/oiseau.prefab using Guid(7304d9a81ec0e0d469f08e398f2aed5d) Importer(815301076,1909f56bfc062723c751e8b465ee728b)  -> (artifact id: 'ad245a248026f4875f1a675e1f905a33') in 0.095620 seconds
  Import took 0.098037 seconds .

========================================================================
Received Prepare
Registering precompiled user dll's ...
Registered in 0.000932 seconds.
Begin MonoManager ReloadAssembly
Native extension for WindowsStandalone target not found
Refreshing native plugins compatible for Editor in 0.23 ms, found 0 plugins.
Preloading 0 native plugins for Editor in 0.00 ms.
Invoked RoslynAnalysisRunner static constructor.
RoslynAnalysisRunner will not be running.
RoslynAnalysisRunner has terminated.
Mono: successfully reloaded assembly
- Completed reload, in  0.660 seconds
Platform modules already initialized, skipping
Refreshing native plugins compatible for Editor in 0.17 ms, found 0 plugins.
Preloading 0 native plugins for Editor in 0.00 ms.
Unloading 1110 Unused Serialized files (Serialized files now loaded: 0)
System memory in use before: 60.1 MB.
System memory in use after: 60.2 MB.

Unloading 6 unused Assets to reduce memory usage. Loaded Objects now: 1573.
Total: 1.561600 ms (FindLiveObjects: 0.142200 ms CreateObjectMapping: 0.064900 ms MarkObjects: 1.308700 ms  DeleteObjects: 0.044900 ms)

========================================================================
Received Prepare
Registering precompiled user dll's ...
Registered in 0.000480 seconds.
Begin MonoManager ReloadAssembly
Native extension for WindowsStandalone target not found
Refreshing native plugins compatible for Editor in 0.19 ms, found 0 plugins.
Preloading 0 native plugins for Editor in 0.00 ms.
Invoked RoslynAnalysisRunner static constructor.
RoslynAnalysisRunner will not be running.
RoslynAnalysisRunner has terminated.
Mono: successfully reloaded assembly
- Completed reload, in  0.672 seconds
Platform modules already initialized, skipping
Refreshing native plugins compatible for Editor in 0.18 ms, found 0 plugins.
Preloading 0 native plugins for Editor in 0.00 ms.
Unloading 1110 Unused Serialized files (Serialized files now loaded: 0)
System memory in use before: 60.2 MB.
System memory in use after: 60.2 MB.

Unloading 5 unused Assets to reduce memory usage. Loaded Objects now: 1576.
Total: 1.302400 ms (FindLiveObjects: 0.133800 ms CreateObjectMapping: 0.035100 ms MarkObjects: 1.093200 ms  DeleteObjects: 0.038600 ms)

========================================================================
Received Prepare
Registering precompiled user dll's ...
Registered in 0.001459 seconds.
Begin MonoManager ReloadAssembly
Native extension for WindowsStandalone target not found
Refreshing native plugins compatible for Editor in 0.28 ms, found 0 plugins.
Preloading 0 native plugins for Editor in 0.00 ms.
Invoked RoslynAnalysisRunner static constructor.
RoslynAnalysisRunner will not be running.
RoslynAnalysisRunner has terminated.
Mono: successfully reloaded assembly
- Completed reload, in  0.738 seconds
Platform modules already initialized, skipping
Refreshing native plugins compatible for Editor in 0.22 ms, found 0 plugins.
Preloading 0 native plugins for Editor in 0.00 ms.
Unloading 1110 Unused Serialized files (Serialized files now loaded: 0)
System memory in use before: 60.2 MB.
System memory in use after: 60.2 MB.

Unloading 5 unused Assets to reduce memory usage. Loaded Objects now: 1579.
Total: 1.504800 ms (FindLiveObjects: 0.134600 ms CreateObjectMapping: 0.037600 ms MarkObjects: 1.284700 ms  DeleteObjects: 0.046500 ms)

========================================================================
Received Import Request.
  Time since last request: 892.227191 seconds.
  path: Assets/Scripts/CohesionRules.cs
  artifactKey: Guid(7b2dd7fe260d0e7429cfe9fac810174a) Importer(815301076,1909f56bfc062723c751e8b465ee728b)
Start importing Assets/Scripts/CohesionRules.cs using Guid(7b2dd7fe260d0e7429cfe9fac810174a) Importer(815301076,1909f56bfc062723c751e8b465ee728b)  -> (artifact id: '067e6c709964939534d0a9761a6146ec') in 0.009262 seconds
  Import took 0.011465 seconds .

========================================================================
Received Prepare
Registering precompiled user dll's ...
Registered in 0.000552 seconds.
Begin MonoManager ReloadAssembly
Native extension for WindowsStandalone target not found
Refreshing native plugins compatible for Editor in 0.21 ms, found 0 plugins.
Preloading 0 native plugins for Editor in 0.00 ms.
Invoked RoslynAnalysisRunner static constructor.
RoslynAnalysisRunner will not be running.
RoslynAnalysisRunner has terminated.
Mono: successfully reloaded assembly
- Completed reload, in  0.715 seconds
Platform modules already initialized, skipping
Refreshing native plugins compatible for Editor in 0.19 ms, found 0 plugins.
Preloading 0 native plugins for Editor in 0.00 ms.
Unloading 1111 Unused Serialized files (Serialized files now loaded: 0)
System memory in use before: 60.2 MB.
System memory in use after: 60.3 MB.

Unloading 5 unused Assets to reduce memory usage. Loaded Objects now: 1583.
Total: 2.436500 ms (FindLiveObjects: 0.120400 ms CreateObjectMapping: 0.033400 ms MarkObjects: 2.226500 ms  DeleteObjects: 0.054500 ms)

========================================================================
Received Prepare
Registering precompiled user dll's ...
Registered in 0.000778 seconds.
Begin MonoManager ReloadAssembly
Native extension for WindowsStandalone target not found
Refreshing native plugins compatible for Editor in 0.19 ms, found 0 plugins.
Preloading 0 native plugins for Editor in 0.00 ms.
Invoked RoslynAnalysisRunner static constructor.
RoslynAnalysisRunner will not be running.
RoslynAnalysisRunner has terminated.
Mono: successfully reloaded assembly
- Completed reload, in  0.699 seconds
Platform modules already initialized, skipping
Refreshing native plugins compatible for Editor in 0.18 ms, found 0 plugins.
Preloading 0 native plugins for Editor in 0.00 ms.
Unloading 1111 Unused Serialized files (Serialized files now loaded: 0)
System memory in use before: 60.2 MB.
System memory in use after: 60.3 MB.

Unloading 5 unused Assets to reduce memory usage. Loaded Objects now: 1586.
Total: 1.373500 ms (FindLiveObjects: 0.133200 ms CreateObjectMapping: 0.037200 ms MarkObjects: 1.157400 ms  DeleteObjects: 0.043900 ms)

========================================================================
Received Import Request.
  Time since last request: 321.268652 seconds.
  path: Assets/Scripts/CohesionRules.cs
  artifactKey: Guid(7b2dd7fe260d0e7429cfe9fac810174a) Importer(815301076,1909f56bfc062723c751e8b465ee728b)
Start importing Assets/Scripts/CohesionRules.cs using Guid(7b2dd7fe260d0e7429cfe9fac810174a) Importer(815301076,1909f56bfc062723c751e8b465ee728b)  -> (artifact id: 'cc419d442ef78a19f59348f22ac0a61a') in 0.005429 seconds
  Import took 0.007747 seconds .

========================================================================
Received Import Request.
  Time since last request: 2553.039165 seconds.
  path: Assets/Scripts/CohesionRules.cs
  artifactKey: Guid(7b2dd7fe260d0e7429cfe9fac810174a) Importer(815301076,1909f56bfc062723c751e8b465ee728b)
Start importing Assets/Scripts/CohesionRules.cs using Guid(7b2dd7fe260d0e7429cfe9fac810174a) Importer(815301076,1909f56bfc062723c751e8b465ee728b)  -> (artifact id: '4910978d0132ae7d78a8796bf5d7daad') in 0.002746 seconds
  Import took 0.006636 seconds .

AssetImportWorkerClient::OnTransportError - code=2 error=End of file
